C:\Users\Chris\Desktop\UNI\CPSC501\A4\Chris.Nguyen.501.A4\convolution\convolution\Debug\cl.command.1.tlog
C:\Users\Chris\Desktop\UNI\CPSC501\A4\Chris.Nguyen.501.A4\convolution\convolution\Debug\CL.read.1.tlog
C:\Users\Chris\Desktop\UNI\CPSC501\A4\Chris.Nguyen.501.A4\convolution\convolution\Debug\CL.write.1.tlog
C:\USERS\CHRIS\DESKTOP\UNI\CPSC501\A4\CHRIS.NGUYEN.501.A4\CONVOLUTION\CONVOLUTION\DEBUG\CONVOLUTION.EXE.INTERMEDIATE.MANIFEST
C:\USERS\CHRIS\DESKTOP\UNI\CPSC501\A4\CHRIS.NGUYEN.501.A4\CONVOLUTION\CONVOLUTION\DEBUG\CONVOLUTION.RES
C:\USERS\CHRIS\DESKTOP\UNI\CPSC501\A4\CHRIS.NGUYEN.501.A4\CONVOLUTION\CONVOLUTION\DEBUG\CONVOLVE.OBJ
C:\Users\Chris\Desktop\UNI\CPSC501\A4\Chris.Nguyen.501.A4\convolution\convolution\Debug\link.command.1.tlog
C:\Users\Chris\Desktop\UNI\CPSC501\A4\Chris.Nguyen.501.A4\convolution\convolution\Debug\link.read.1.tlog
C:\Users\Chris\Desktop\UNI\CPSC501\A4\Chris.Nguyen.501.A4\convolution\convolution\Debug\link.read.2.tlog
C:\Users\Chris\Desktop\UNI\CPSC501\A4\Chris.Nguyen.501.A4\convolution\convolution\Debug\link.write.1.tlog
C:\Users\Chris\Desktop\UNI\CPSC501\A4\Chris.Nguyen.501.A4\convolution\convolution\Debug\link-cvtres.read.1.tlog
C:\Users\Chris\Desktop\UNI\CPSC501\A4\Chris.Nguyen.501.A4\convolution\convolution\Debug\link-cvtres.write.1.tlog
C:\USERS\CHRIS\DESKTOP\UNI\CPSC501\A4\CHRIS.NGUYEN.501.A4\CONVOLUTION\CONVOLUTION\DEBUG\MAIN.OBJ
C:\Users\Chris\Desktop\UNI\CPSC501\A4\Chris.Nguyen.501.A4\convolution\convolution\Debug\mt.command.1.tlog
C:\Users\Chris\Desktop\UNI\CPSC501\A4\Chris.Nguyen.501.A4\convolution\convolution\Debug\mt.read.1.tlog
C:\Users\Chris\Desktop\UNI\CPSC501\A4\Chris.Nguyen.501.A4\convolution\convolution\Debug\mt.write.1.tlog
C:\Users\Chris\Desktop\UNI\CPSC501\A4\Chris.Nguyen.501.A4\convolution\convolution\Debug\rc.command.1.tlog
C:\Users\Chris\Desktop\UNI\CPSC501\A4\Chris.Nguyen.501.A4\convolution\convolution\Debug\rc.read.1.tlog
C:\Users\Chris\Desktop\UNI\CPSC501\A4\Chris.Nguyen.501.A4\convolution\convolution\Debug\rc.write.1.tlog
C:\USERS\CHRIS\DESKTOP\UNI\CPSC501\A4\CHRIS.NGUYEN.501.A4\CONVOLUTION\CONVOLUTION\DEBUG\TESTCONVOLVE.OBJ
C:\Users\Chris\Desktop\UNI\CPSC501\A4\Chris.Nguyen.501.A4\convolution\convolution\Debug\vc100.idb
C:\USERS\CHRIS\DESKTOP\UNI\CPSC501\A4\CHRIS.NGUYEN.501.A4\CONVOLUTION\CONVOLUTION\DEBUG\VC100.PDB
C:\USERS\CHRIS\DESKTOP\UNI\CPSC501\A4\CHRIS.NGUYEN.501.A4\CONVOLUTION\DEBUG\CONVOLUTION.EXE
C:\USERS\CHRIS\DESKTOP\UNI\CPSC501\A4\CHRIS.NGUYEN.501.A4\CONVOLUTION\DEBUG\CONVOLUTION.ILK
C:\USERS\CHRIS\DESKTOP\UNI\CPSC501\A4\CHRIS.NGUYEN.501.A4\CONVOLUTION\DEBUG\CONVOLUTION.PDB
